<?xml version="1.0" encoding="UTF-8"?>
<testng-results skipped="0" failed="1" total="1" passed="0">
  <reporter-output>
    <line>
      <![CDATA[=====Browser Session Started=====]]>
    </line>
    <line>
      <![CDATA[=====Browser Session End=========]]>
    </line>
  </reporter-output>
  <suite name="Powerhouse_Automation" duration-ms="68447" started-at="2018-06-15T09:54:02Z" finished-at="2018-06-15T09:55:11Z">
    <groups>
    </groups>
    <test name="Powerhouse_Automation" duration-ms="68447" started-at="2018-06-15T09:54:02Z" finished-at="2018-06-15T09:55:11Z">
      <class name="com.powerhouse.testscripts.TestSuite">
        <test-method status="PASS" signature="setUp(java.lang.String)[pri:0, instance:com.powerhouse.testscripts.TestSuite@5223e5ee]" name="setUp" is-config="true" duration-ms="63428" started-at="2018-06-15T15:24:02Z" finished-at="2018-06-15T15:25:06Z">
          <params>
            <param index="0">
              <value>
                <![CDATA[chrome]]>
              </value>
            </param>
          </params>
          <reporter-output>
            <line>
              <![CDATA[=====Browser Session Started=====]]>
            </line>
          </reporter-output>
        </test-method> <!-- setUp -->
        <test-method status="FAIL" signature="signup(com.powerhouse.datainitialization.DataInt)[pri:0, instance:com.powerhouse.testscripts.TestSuite@5223e5ee]" name="signup" duration-ms="0" started-at="2018-06-15T15:25:06Z" description="Signup Powerhouse" data-provider="getLogin" finished-at="2018-06-15T15:25:06Z">
          <exception class="org.testng.TestNGException">
            <message>
              <![CDATA[
Method public void com.powerhouse.testscripts.TestSuite.signup(com.powerhouse.datainitialization.DataInt) requires a @DataProvider named : getLogin]]>
            </message>
            <full-stacktrace>
              <![CDATA[org.testng.TestNGException: 
Method public void com.powerhouse.testscripts.TestSuite.signup(com.powerhouse.datainitialization.DataInt) requires a @DataProvider named : getLogin
	at org.testng.internal.Parameters.findDataProvider(Parameters.java:268)
	at org.testng.internal.Parameters.handleParameters(Parameters.java:417)
	at org.testng.internal.Invoker.handleParameters(Invoker.java:1383)
	at org.testng.internal.Invoker.createParameters(Invoker.java:1075)
	at org.testng.internal.Invoker.invokeTestMethods(Invoker.java:1180)
	at org.testng.internal.TestMethodWorker.invokeTestMethods(TestMethodWorker.java:127)
	at org.testng.internal.TestMethodWorker.run(TestMethodWorker.java:111)
	at org.testng.TestRunner.privateRun(TestRunner.java:767)
	at org.testng.TestRunner.run(TestRunner.java:617)
	at org.testng.SuiteRunner.runTest(SuiteRunner.java:334)
	at org.testng.SuiteRunner.runSequentially(SuiteRunner.java:329)
	at org.testng.SuiteRunner.privateRun(SuiteRunner.java:291)
	at org.testng.SuiteRunner.run(SuiteRunner.java:240)
	at org.testng.SuiteRunnerWorker.runSuite(SuiteRunnerWorker.java:52)
	at org.testng.SuiteRunnerWorker.run(SuiteRunnerWorker.java:86)
	at org.testng.TestNG.runSuitesSequentially(TestNG.java:1224)
	at org.testng.TestNG.runSuitesLocally(TestNG.java:1149)
	at org.testng.TestNG.run(TestNG.java:1057)
	at org.apache.maven.surefire.testng.TestNGExecutor.run(TestNGExecutor.java:295)
	at org.apache.maven.surefire.testng.TestNGXmlTestSuite.execute(TestNGXmlTestSuite.java:84)
	at org.apache.maven.surefire.testng.TestNGProvider.invoke(TestNGProvider.java:90)
	at org.apache.maven.surefire.booter.ForkedBooter.invokeProviderInSameClassLoader(ForkedBooter.java:203)
	at org.apache.maven.surefire.booter.ForkedBooter.runSuitesInProcess(ForkedBooter.java:155)
	at org.apache.maven.surefire.booter.ForkedBooter.main(ForkedBooter.java:103)
]]>
            </full-stacktrace>
          </exception> <!-- org.testng.TestNGException -->
          <reporter-output>
          </reporter-output>
        </test-method> <!-- signup -->
        <test-method status="PASS" signature="close()[pri:0, instance:com.powerhouse.testscripts.TestSuite@5223e5ee]" name="close" is-config="true" duration-ms="5001" started-at="2018-06-15T15:25:06Z" finished-at="2018-06-15T15:25:11Z">
          <reporter-output>
            <line>
              <![CDATA[=====Browser Session End=========]]>
            </line>
          </reporter-output>
        </test-method> <!-- close -->
      </class> <!-- com.powerhouse.testscripts.TestSuite -->
    </test> <!-- Powerhouse_Automation -->
  </suite> <!-- Powerhouse_Automation -->
</testng-results>
